\BOOKMARK [1][-]{section.1}{\376\377\000I\000n\000t\000r\000o\000d\000u\000c\000t\000i\000o\000n}{}% 1
\BOOKMARK [2][-]{subsection.1.1}{\376\377\000W\000h\000a\000t\000\040\000i\000s\000\040\000T\000o\000m\000o\000g\000r\000a\000p\000h\000y\000?}{section.1}% 2
\BOOKMARK [2][-]{subsection.1.2}{\376\377\000I\000m\000p\000o\000r\000t\000a\000n\000t\000\040\000A\000p\000p\000l\000i\000c\000a\000t\000i\000o\000n\000s\000\040\000o\000f\000\040\000t\000o\000m\000o\000g\000r\000a\000p\000h\000i\000c\000\040\000i\000m\000a\000g\000i\000n\000g}{section.1}% 3
\BOOKMARK [2][-]{subsection.1.3}{\376\377\000C\000T\000\040\000b\000e\000t\000w\000e\000e\000n\000\040\000t\000h\000e\000\040\000p\000a\000s\000t\000\040\000a\000n\000d\000\040\000t\000h\000e\000\040\000p\000r\000e\000s\000e\000n\000t}{section.1}% 4
\BOOKMARK [3][-]{subsubsection.1.3.1}{\376\377\000S\000o\000m\000e\000\040\000h\000i\000s\000t\000o\000r\000y}{subsection.1.3}% 5
\BOOKMARK [3][-]{subsubsection.1.3.2}{\376\377\000T\000o\000m\000o\000g\000r\000a\000p\000h\000y\000\040\000t\000o\000d\000a\000y}{subsection.1.3}% 6
\BOOKMARK [2][-]{subsection.1.4}{\376\377\000A\000i\000m\000\040\000a\000n\000d\000\040\000c\000o\000n\000t\000e\000n\000t\000s\000\040\000o\000f\000\040\000t\000h\000e\000\040\000b\000o\000o\000k}{section.1}% 7
\BOOKMARK [1][-]{section.2}{\376\377\000A\000n\000a\000l\000y\000s\000i\000s\000\040\000B\000a\000c\000k\000g\000r\000o\000u\000n\000d}{}% 8
\BOOKMARK [2][-]{subsection.2.1}{\376\377\000L\000i\000n\000e\000a\000r\000\040\000O\000p\000e\000r\000a\000t\000o\000r\000s}{section.2}% 9
\BOOKMARK [2][-]{subsection.2.2}{\376\377\000C\000o\000n\000v\000o\000l\000u\000t\000i\000o\000n}{section.2}% 10
\BOOKMARK [2][-]{subsection.2.3}{\376\377\000I\000n\000v\000e\000r\000s\000e\000\040\000P\000r\000o\000b\000l\000e\000m\000s\000\040\000a\000n\000d\000\040\000R\000e\000g\000u\000l\000a\000r\000i\000z\000a\000t\000i\000o\000n}{section.2}% 11
\BOOKMARK [3][-]{subsubsection.2.3.1}{\376\377\000W\000h\000a\000t\000\040\000i\000s\000\040\000a\000n\000\040\000i\000n\000v\000e\000r\000s\000e\000\040\000p\000r\000o\000b\000l\000e\000m\000?}{subsection.2.3}% 12
\BOOKMARK [3][-]{subsubsection.2.3.2}{\376\377\000S\000e\000n\000s\000i\000t\000i\000v\000i\000t\000y\000\040\000t\000o\000\040\000n\000o\000i\000s\000e}{subsection.2.3}% 13
\BOOKMARK [3][-]{subsubsection.2.3.3}{\376\377\000W\000e\000l\000l\000\040\000p\000o\000s\000e\000d\000\040\000a\000n\000d\000\040\000I\000l\000l\000\040\000p\000o\000s\000e\000d\000\040\000p\000r\000o\000b\000l\000e\000m\000s}{subsection.2.3}% 14
\BOOKMARK [3][-]{subsubsection.2.3.4}{\376\377\000S\000t\000a\000b\000i\000l\000i\000z\000a\000t\000i\000o\000n\000\040\000b\000y\000\040\000R\000e\000g\000u\000l\000a\000r\000i\000z\000a\000t\000i\000o\000n}{subsection.2.3}% 15
\BOOKMARK [2][-]{subsection.2.4}{\376\377\000T\000h\000e\000\040\000F\000o\000u\000r\000i\000e\000r\000\040\000T\000r\000a\000n\000s\000f\000o\000r\000m}{section.2}% 16
\BOOKMARK [2][-]{subsection.2.5}{\376\377\000C\000o\000n\000v\000o\000l\000u\000t\000i\000o\000n\000\040\000u\000s\000i\000n\000g\000\040\000t\000h\000e\000\040\000F\000o\000u\000r\000i\000e\000r\000\040\000T\000r\000a\000n\000s\000f\000o\000r\000m}{section.2}% 17
\BOOKMARK [1][-]{section.3}{\376\377\000L\000i\000n\000e\000a\000r\000\040\000A\000l\000g\000e\000b\000r\000a\000\040\000B\000a\000c\000k\000g\000r\000o\000u\000n\000d}{}% 18
\BOOKMARK [2][-]{subsection.3.1}{\376\377\000S\000y\000s\000t\000e\000m\000\040\000o\000f\000\040\000L\000i\000n\000e\000a\000r\000\040\000E\000q\000u\000a\000t\000i\000o\000n\000s}{section.3}% 19
\BOOKMARK [3][-]{subsubsection.3.1.1}{\376\377\000N\000o\000t\000a\000t\000i\000o\000n}{subsection.3.1}% 20
\BOOKMARK [2][-]{subsection.3.2}{\376\377\000R\000a\000n\000k\000,\000\040\000R\000a\000n\000g\000e\000\040\000a\000n\000d\000\040\000N\000u\000l\000l\000\040\000S\000p\000a\000c\000e}{section.3}% 21
\BOOKMARK [2][-]{subsection.3.3}{\376\377\000L\000i\000n\000e\000a\000r\000\040\000L\000e\000a\000s\000t\000\040\000S\000q\000u\000a\000r\000e\000s\000\040\000P\000r\000o\000b\000l\000e\000m}{section.3}% 22
\BOOKMARK [1][-]{section.4}{\376\377\000C\000o\000n\000c\000l\000u\000s\000i\000o\000n}{}% 23
